<?xml version="1.0" encoding="UTF-8"?>
<testsuite name="com.javaGradle.tutorial.MainAppTest" tests="1" skipped="0" failures="0" errors="0" timestamp="2018-04-05T09:28:08" hostname="Dell" time="0.002">
  <properties/>
  <testcase name="testAddElementsInMaps" classname="com.javaGradle.tutorial.MainAppTest" time="0.002"/>
  <system-out><![CDATA[]]></system-out>
  <system-err><![CDATA[]]></system-err>
</testsuite>
