<?xml version="1.0" encoding="UTF-8"?>
<testsuite name="com.boraji.tutorial.MainAppTest" tests="1" skipped="0" failures="0" errors="0" timestamp="2018-04-04T09:30:49" hostname="Dell" time="0.003">
  <properties/>
  <testcase name="testSayHello" classname="com.boraji.tutorial.MainAppTest" time="0.003"/>
  <system-out><![CDATA[]]></system-out>
  <system-err><![CDATA[]]></system-err>
</testsuite>
